
FAILURE: Build failed with an exception.

* Where:
Build file 'C:\Users\flexycode\Desktop\AppDev-Final-Project\app\build.gradle.kts' line: 1

* What went wrong:
An exception occurred applying plugin request [id: 'org.jetbrains.kotlin.android']
> Failed to apply plugin 'org.jetbrains.kotlin.android'.
   > Cannot add extension with name 'kotlin', as there is an extension already registered with that name.

* Try:
> Run with --stacktrace option to get the stack trace.
> Run with --info or --debug option to get more log output.
> Run with --scan to generate a Build Scan (Powered by Develocity).
> Get more help at https://help.gradle.org.

BUILD FAILED in 1s
